<?xml version="1.0" encoding="UTF-8"?>
<testng-results ignored="0" total="1" passed="1" failed="0" skipped="0">
  <reporter-output>
  </reporter-output>
  <suite started-at="2022-12-28T16:42:22 SGT" name="Default suite" finished-at="2022-12-28T16:42:25 SGT" duration-ms="3602">
    <groups>
    </groups>
    <test started-at="2022-12-28T16:42:22 SGT" name="Default test" finished-at="2022-12-28T16:42:25 SGT" duration-ms="3602">
      <class name="Test_DELETE">
        <test-method signature="test_01()[pri:0, instance:Test_DELETE@2473d930]" started-at="2022-12-28T16:42:22 SGT" name="test_01" finished-at="2022-12-28T16:42:25 SGT" duration-ms="3549" status="PASS">
          <reporter-output>
          </reporter-output>
        </test-method> <!-- test_01 -->
      </class> <!-- Test_DELETE -->
    </test> <!-- Default test -->
  </suite> <!-- Default suite -->
</testng-results>
